<?xml version="1.0" encoding="UTF-8"?>
<!-- Generated by org.testng.reporters.JUnitReportReporter -->
<testsuite skipped="0" hostname="YP1003977DT" name="com.yash.RMS.Testcase.MiscAttribute.Testcase_Event" tests="6" failures="0" timestamp="26 Jun 2017 10:55:49 GMT" time="133.096" errors="0">
  <testcase name="Click_Event" time="12.382" classname="com.yash.RMS.Testcase.MiscAttribute.Testcase_Event"/>
  <testcase name="Search_Event" time="2.868" classname="com.yash.RMS.Testcase.MiscAttribute.Testcase_Event"/>
  <testcase name="Delete_Event" time="20.349" classname="com.yash.RMS.Testcase.MiscAttribute.Testcase_Event"/>
  <testcase name="Event_Page" time="22.157" classname="com.yash.RMS.Testcase.MiscAttribute.Testcase_Event"/>
  <testcase name="New_Event" time="17.411" classname="com.yash.RMS.Testcase.MiscAttribute.Testcase_Event"/>
  <testcase name="Edit_Event" time="57.929" classname="com.yash.RMS.Testcase.MiscAttribute.Testcase_Event"/>
</testsuite> <!-- com.yash.RMS.Testcase.MiscAttribute.Testcase_Event -->
