<?xml version="1.0" encoding="UTF-8"?>
<!-- Generated by org.testng.reporters.JUnitReportReporter -->
<testsuite hostname="YP1003653DT" name="com.yash.RMS.Testcase.SEPG_SEPGPhases.TestCase_SepgPhases_PageValidation" tests="2" failures="0" timestamp="14 Dec 2016 05:17:37 GMT" time="123.178" errors="0">
  <testcase name="Edit_PhrasesName" time="42.157" classname="com.yash.RMS.Testcase.SEPG_SEPGPhases.TestCase_SepgPhases_PageValidation"/>
  <testcase name="Phases_AddName" time="81.021" classname="com.yash.RMS.Testcase.SEPG_SEPGPhases.TestCase_SepgPhases_PageValidation"/>
</testsuite> <!-- com.yash.RMS.Testcase.SEPG_SEPGPhases.TestCase_SepgPhases_PageValidation -->
