<?xml version="1.0" encoding="UTF-8"?>
<!-- Generated by org.testng.reporters.JUnitReportReporter -->
<testsuite skipped="0" hostname="YP1005249DT" name="com.yash.RMS.Testcase.Admin.Testcase_Resources" tests="2" failures="0" timestamp="01 Aug 2017 06:23:50 GMT" time="220.340" errors="0">
  <testcase name="Resources_update" time="97.175" classname="com.yash.RMS.Testcase.Admin.Testcase_Resources"/>
  <testcase name="Resources_add" time="123.165" classname="com.yash.RMS.Testcase.Admin.Testcase_Resources"/>
</testsuite> <!-- com.yash.RMS.Testcase.Admin.Testcase_Resources -->
