<?xml version="1.0" encoding="UTF-8"?>
<!-- Generated by org.testng.reporters.JUnitReportReporter -->
<testsuite skipped="0" hostname="YP1005249DT" name="com.yash.RMS.Testcase.Useful_links.Testcase_useful_Links" tests="1" failures="0" timestamp="01 Aug 2017 06:23:50 GMT" time="12.141" errors="0">
  <testcase name="useful_Links" time="12.141" classname="com.yash.RMS.Testcase.Useful_links.Testcase_useful_Links"/>
</testsuite> <!-- com.yash.RMS.Testcase.Useful_links.Testcase_useful_Links -->
