<?xml version="1.0" encoding="UTF-8"?>
<!-- Generated by org.testng.reporters.JUnitReportReporter -->
<testsuite skipped="0" hostname="YP1003977DT" name="com.yash.RMS.Testcase.ProjectAttribute.Testcase_Currency" tests="4" failures="0" timestamp="27 Apr 2017 12:58:23 GMT" time="168.477" errors="0">
  <testcase name="Delete_Currency" time="44.406" classname="com.yash.RMS.Testcase.ProjectAttribute.Testcase_Currency"/>
  <testcase name="Create_Currency" time="35.111" classname="com.yash.RMS.Testcase.ProjectAttribute.Testcase_Currency"/>
  <testcase name="CurrencyPageNavigation" time="54.835" classname="com.yash.RMS.Testcase.ProjectAttribute.Testcase_Currency"/>
  <testcase name="Edit_Currency" time="34.125" classname="com.yash.RMS.Testcase.ProjectAttribute.Testcase_Currency"/>
</testsuite> <!-- com.yash.RMS.Testcase.ProjectAttribute.Testcase_Currency -->
