<?xml version="1.0" encoding="UTF-8"?>
<!-- Generated by org.testng.reporters.JUnitReportReporter -->
<testsuite hostname="YP1003653DT" name="com.yash.RMS.Testcase.ResourceAttribute.Testcase_Skill_AddNewEdit" tests="2" failures="0" timestamp="22 Dec 2016 04:44:58 GMT" time="74.877" errors="0">
  <testcase name="Skill_PageValidation" time="26.228" classname="com.yash.RMS.Testcase.ResourceAttribute.Testcase_Skill_AddNewEdit"/>
  <testcase name="AddNew_SkillType" time="48.649" classname="com.yash.RMS.Testcase.ResourceAttribute.Testcase_Skill_AddNewEdit"/>
</testsuite> <!-- com.yash.RMS.Testcase.ResourceAttribute.Testcase_Skill_AddNewEdit -->
