<?xml version="1.0" encoding="UTF-8"?>
<!-- Generated by org.testng.reporters.JUnitReportReporter -->
<testsuite skipped="0" hostname="YP1003977DT" name="com.yash.RMS.Testcase.Configurations.TestCase_ConfigureMailSettings" tests="2" failures="0" timestamp="2 Jun 2017 07:03:03 GMT" time="189.455" errors="0">
  <testcase name="AssignPrivilegesToRole" time="109.080" classname="com.yash.RMS.Testcase.Configurations.TestCase_ConfigureMailSettings"/>
  <testcase name="Action_ConfigureMailSettings" time="80.375" classname="com.yash.RMS.Testcase.Configurations.TestCase_ConfigureMailSettings"/>
</testsuite> <!-- com.yash.RMS.Testcase.Configurations.TestCase_ConfigureMailSettings -->
