<?xml version="1.0" encoding="UTF-8"?>
<!-- Generated by org.testng.reporters.JUnitReportReporter -->
<testsuite hostname="YP1004621DT" name="com.yash.bartersuite.Setup.BrowserSetThroughExcel" tests="1" failures="0" timestamp="18 Feb 2016 12:22:23 GMT" time="1.756" errors="0">
  <testcase name="SetUp" time="1.756" classname="com.yash.bartersuite.Setup.BrowserSetThroughExcel"/>
</testsuite> <!-- com.yash.bartersuite.Setup.BrowserSetThroughExcel -->
