<?xml version="1.0" encoding="UTF-8"?>
<!-- Generated by org.testng.reporters.JUnitReportReporter -->
<testsuite skipped="0" hostname="YP1003977DT" name="com.yash.RMS.Testcase.ResourceAttribute.TestCase_Grade" tests="5" failures="0" timestamp="10 Jul 2017 12:47:58 GMT" time="138.568" errors="0">
  <testcase name="gradeAdd" time="35.994" classname="com.yash.RMS.Testcase.ResourceAttribute.TestCase_Grade"/>
  <testcase name="gradePageValidation" time="38.417" classname="com.yash.RMS.Testcase.ResourceAttribute.TestCase_Grade"/>
  <testcase name="gradeEdit" time="31.147" classname="com.yash.RMS.Testcase.ResourceAttribute.TestCase_Grade"/>
  <testcase name="gradeDelete" time="30.299" classname="com.yash.RMS.Testcase.ResourceAttribute.TestCase_Grade"/>
  <testcase name="GradeNameSearch" time="2.711" classname="com.yash.RMS.Testcase.ResourceAttribute.TestCase_Grade"/>
</testsuite> <!-- com.yash.RMS.Testcase.ResourceAttribute.TestCase_Grade -->
