<?xml version="1.0" encoding="UTF-8"?>
<!-- Generated by org.testng.reporters.JUnitReportReporter -->
<testsuite hostname="YP1004764DT" name="com.yash.bartersuite.Testcase.Salesorder.Testcase_AddNewSalesOrderValidation_Customer" tests="1" failures="0" timestamp="16 Mar 2016 10:18:06 GMT" time="44.516" errors="0">
  <testcase name="Add_SalesOrderCustomerValidation" time="44.516" classname="com.yash.bartersuite.Testcase.Salesorder.Testcase_AddNewSalesOrderValidation_Customer"/>
</testsuite> <!-- com.yash.bartersuite.Testcase.Salesorder.Testcase_AddNewSalesOrderValidation_Customer -->
