<?xml version="1.0" encoding="UTF-8"?>
<!-- Generated by org.testng.reporters.JUnitReportReporter -->
<testsuite skipped="0" hostname="YP1003977DT" name="com.yash.RMS.Testcase.ProjectAttribute.TestCase_InvoiceBy" tests="5" failures="0" timestamp="27 Apr 2017 12:58:23 GMT" time="187.592" errors="0">
  <testcase name="InvoiceByDelete" time="43.512" classname="com.yash.RMS.Testcase.ProjectAttribute.TestCase_InvoiceBy"/>
  <testcase name="InvoiceBy_PageValidation" time="60.421" classname="com.yash.RMS.Testcase.ProjectAttribute.TestCase_InvoiceBy"/>
  <testcase name="InvoiceByAdd" time="40.781" classname="com.yash.RMS.Testcase.ProjectAttribute.TestCase_InvoiceBy"/>
  <testcase name="InvoiceByEdit" time="31.750" classname="com.yash.RMS.Testcase.ProjectAttribute.TestCase_InvoiceBy"/>
  <testcase name="InvoiceByNameSearch" time="11.128" classname="com.yash.RMS.Testcase.ProjectAttribute.TestCase_InvoiceBy"/>
</testsuite> <!-- com.yash.RMS.Testcase.ProjectAttribute.TestCase_InvoiceBy -->
