<?xml version="1.0" encoding="UTF-8"?>
<!-- Generated by org.testng.reporters.JUnitReportReporter -->
<testsuite skipped="0" hostname="YP1003977DT" name="com.yash.RMS.Testcase.SEPG_SEPGPhases.TestCase_SepgPhases" tests="3" failures="0" timestamp="30 Mar 2017 12:41:36 GMT" time="272.229" errors="0">
  <testcase name="Phases_AddName" time="86.157" classname="com.yash.RMS.Testcase.SEPG_SEPGPhases.TestCase_SepgPhases"/>
  <testcase name="Edit_PhasesName" time="37.314" classname="com.yash.RMS.Testcase.SEPG_SEPGPhases.TestCase_SepgPhases"/>
  <testcase name="SepgPhases_PageValidation" time="148.758" classname="com.yash.RMS.Testcase.SEPG_SEPGPhases.TestCase_SepgPhases"/>
</testsuite> <!-- com.yash.RMS.Testcase.SEPG_SEPGPhases.TestCase_SepgPhases -->
