<?xml version="1.0" encoding="UTF-8"?>
<!-- Generated by org.testng.reporters.JUnitReportReporter -->
<testsuite skipped="0" hostname="YP1003977DT" name="com.yash.RMS.Testcase.ResourceAttribute.Testcase_EmployeeCategory" tests="5" failures="0" timestamp="10 Jul 2017 12:47:58 GMT" time="73.642" errors="0">
  <testcase name="Edit_EmployeeCategory" time="13.382" classname="com.yash.RMS.Testcase.ResourceAttribute.Testcase_EmployeeCategory"/>
  <testcase name="Delete_EmployeeCategory" time="22.620" classname="com.yash.RMS.Testcase.ResourceAttribute.Testcase_EmployeeCategory"/>
  <testcase name="Search_Project" time="7.437" classname="com.yash.RMS.Testcase.ResourceAttribute.Testcase_EmployeeCategory"/>
  <testcase name="NewEmployeeCategory" time="7.721" classname="com.yash.RMS.Testcase.ResourceAttribute.Testcase_EmployeeCategory"/>
  <testcase name="EmployeeCategory_Page" time="22.482" classname="com.yash.RMS.Testcase.ResourceAttribute.Testcase_EmployeeCategory"/>
</testsuite> <!-- com.yash.RMS.Testcase.ResourceAttribute.Testcase_EmployeeCategory -->
