<?xml version="1.0" encoding="UTF-8"?>
<!-- Generated by org.testng.reporters.JUnitReportReporter -->
<testsuite skipped="0" hostname="YP1005249DT" name="com.yash.RMS.Testcase.Admin.Testcase_Projects" tests="3" failures="0" timestamp="01 Aug 2017 06:23:50 GMT" time="109.615" errors="0">
  <testcase name="add_NewProject" time="53.736" classname="com.yash.RMS.Testcase.Admin.Testcase_Projects"/>
  <testcase name="search_Project" time="19.036" classname="com.yash.RMS.Testcase.Admin.Testcase_Projects"/>
  <testcase name="projects_Page" time="36.843" classname="com.yash.RMS.Testcase.Admin.Testcase_Projects"/>
</testsuite> <!-- com.yash.RMS.Testcase.Admin.Testcase_Projects -->
