<?xml version="1.0" encoding="UTF-8"?>
<!-- Generated by org.testng.reporters.JUnitReportReporter -->
<testsuite hostname="YP1001035DT" name="com.yash.bartersuite.Setup.BrowserQuit" tests="1" failures="0" timestamp="6 Jul 2016 10:28:08 GMT" time="4.126" errors="0">
  <testcase name="Browserclose" time="4.126" classname="com.yash.bartersuite.Setup.BrowserQuit"/>
</testsuite> <!-- com.yash.bartersuite.Setup.BrowserQuit -->
