<?xml version="1.0" encoding="UTF-8"?>
<!-- Generated by org.testng.reporters.JUnitReportReporter -->
<testsuite skipped="0" hostname="YP1003977DT" name="com.yash.RMS.Testcase.Dashboard.TestCase_EditProfile" tests="2" failures="0" timestamp="25 Apr 2017 06:12:26 GMT" time="32.323" errors="0">
  <testcase name="Edit_Profile" time="20.582" classname="com.yash.RMS.Testcase.Dashboard.TestCase_EditProfile"/>
  <testcase name="Edit_ProfilePage" time="11.741" classname="com.yash.RMS.Testcase.Dashboard.TestCase_EditProfile"/>
</testsuite> <!-- com.yash.RMS.Testcase.Dashboard.TestCase_EditProfile -->
