<?xml version="1.0" encoding="UTF-8"?>
<!-- Generated by org.testng.reporters.JUnitReportReporter -->
<testsuite skipped="0" hostname="YP1005249DT" name="com.yash.RMS.Testcase.Transaction.Testcase_LoanOrTransferResources" tests="1" failures="0" timestamp="21 Aug 2017 06:34:14 GMT" time="56.487" errors="0">
  <testcase name="LoanOrTransferResourcesPageNavigation" time="56.487" classname="com.yash.RMS.Testcase.Transaction.Testcase_LoanOrTransferResources"/>
</testsuite> <!-- com.yash.RMS.Testcase.Transaction.Testcase_LoanOrTransferResources -->
