<?xml version="1.0" encoding="UTF-8"?>
<!-- Generated by org.testng.reporters.JUnitReportReporter -->
<testsuite hostname="YP1004764DT" name="com.yash.bartersuite.Testcase.Login.Testcase_LoginVerification" tests="6" failures="0" timestamp="23 Mar 2016 04:56:50 GMT" time="86.675" errors="0">
  <testcase name="LoginVerification_Perametrize" time="15.031" classname="com.yash.bartersuite.Testcase.Login.Testcase_LoginVerification"/>
  <testcase name="LoginVerification_Perametrize" time="15.270" classname="com.yash.bartersuite.Testcase.Login.Testcase_LoginVerification"/>
  <testcase name="MandatoryValidaiton" time="16.493" classname="com.yash.bartersuite.Testcase.Login.Testcase_LoginVerification"/>
  <testcase name="LoginVerification_Perametrize" time="16.630" classname="com.yash.bartersuite.Testcase.Login.Testcase_LoginVerification"/>
  <testcase name="LoginVerification_Perametrize" time="15.773" classname="com.yash.bartersuite.Testcase.Login.Testcase_LoginVerification"/>
  <testcase name="LanguageSelectionVerification" time="7.478" classname="com.yash.bartersuite.Testcase.Login.Testcase_LoginVerification"/>
</testsuite> <!-- com.yash.bartersuite.Testcase.Login.Testcase_LoginVerification -->
