<?xml version="1.0" encoding="UTF-8"?>
<!-- Generated by org.testng.reporters.JUnitReportReporter -->
<testsuite hostname="YP1004621DT" name="com.bartersuite.Testcases.Login" tests="1" failures="0" timestamp="18 Dec 2015 12:04:31 GMT" time="18.530" errors="0">
  <testcase name="LoginExcel" time="18.530" classname="com.bartersuite.Testcases.Login"/>
</testsuite> <!-- com.bartersuite.Testcases.Login -->
