<?xml version="1.0" encoding="UTF-8"?>
<!-- Generated by org.testng.reporters.JUnitReportReporter -->
<testsuite skipped="0" hostname="YP1003977DT" name="com.yash.RMS.Testcase.Transaction.Testcase_TimesheetApproval" tests="2" failures="0" timestamp="16 May 2017 12:15:17 GMT" time="20.647" errors="0">
  <testcase name="Approve_Timesheet" time="18.397" classname="com.yash.RMS.Testcase.Transaction.Testcase_TimesheetApproval"/>
  <testcase name="login" time="2.250" classname="com.yash.RMS.Testcase.Transaction.Testcase_TimesheetApproval"/>
</testsuite> <!-- com.yash.RMS.Testcase.Transaction.Testcase_TimesheetApproval -->
