<?xml version="1.0" encoding="UTF-8"?>
<!-- Generated by org.testng.reporters.JUnitReportReporter -->
<testsuite hostname="YP1004764DT" name="com.yash.bartersuite.Testcase.Salesorder.Testcase03_AddSalesOrderCustomer" tests="1" failures="0" timestamp="8 Mar 2016 12:42:54 GMT" time="28.462" errors="0">
  <testcase name="Add_SalesOrderCustomerFileUpload" time="28.462" classname="com.yash.bartersuite.Testcase.Salesorder.Testcase03_AddSalesOrderCustomer"/>
</testsuite> <!-- com.yash.bartersuite.Testcase.Salesorder.Testcase03_AddSalesOrderCustomer -->
