<?xml version="1.0" encoding="UTF-8"?>
<!-- Generated by org.testng.reporters.JUnitReportReporter -->
<testsuite hostname="YP1004764DT" name="com.yash.bartersuite.Testcase.Login.Login_TC" tests="5" failures="0" timestamp="7 Mar 2016 07:17:26 GMT" time="60.323" errors="0">
  <testcase name="testLogin" time="16.206" classname="com.yash.bartersuite.Testcase.Login.Login_TC"/>
  <testcase name="Logout" time="0.257" classname="com.yash.bartersuite.Testcase.Login.Login_TC"/>
  <testcase name="testLogin" time="15.361" classname="com.yash.bartersuite.Testcase.Login.Login_TC"/>
  <testcase name="testLogin" time="16.750" classname="com.yash.bartersuite.Testcase.Login.Login_TC"/>
  <testcase name="testLogin" time="11.749" classname="com.yash.bartersuite.Testcase.Login.Login_TC"/>
</testsuite> <!-- com.yash.bartersuite.Testcase.Login.Login_TC -->
