<?xml version="1.0" encoding="UTF-8"?>
<!-- Generated by org.testng.reporters.JUnitReportReporter -->
<testsuite skipped="0" hostname="YP1003977DT" name="com.yash.RMS.Testcase.SEPG_SEPGPhases.TestCase_SepgActivity_PageValidation" tests="4" failures="0" timestamp="30 Mar 2017 12:41:36 GMT" time="234.803" errors="0">
  <testcase name="Delete_PhrasesName" time="45.602" classname="com.yash.RMS.Testcase.SEPG_SEPGPhases.TestCase_SepgActivity_PageValidation"/>
  <testcase name="Edit_PhrasesName" time="39.615" classname="com.yash.RMS.Testcase.SEPG_SEPGPhases.TestCase_SepgActivity_PageValidation"/>
  <testcase name="PhasesAdd_Name" time="35.857" classname="com.yash.RMS.Testcase.SEPG_SEPGPhases.TestCase_SepgActivity_PageValidation"/>
  <testcase name="SepgActivity_PageValidation" time="113.729" classname="com.yash.RMS.Testcase.SEPG_SEPGPhases.TestCase_SepgActivity_PageValidation"/>
</testsuite> <!-- com.yash.RMS.Testcase.SEPG_SEPGPhases.TestCase_SepgActivity_PageValidation -->
