<?xml version="1.0" encoding="UTF-8"?>
<!-- Generated by org.testng.reporters.JUnitReportReporter -->
<testsuite skipped="0" hostname="YP1003977DT" name="com.yash.RMS.Testcase.Configurations.TestCase_ProjectActivity" tests="2" failures="0" timestamp="12 Jun 2017 07:29:52 GMT" time="118.040" errors="0">
  <testcase name="ProjectActivity_Page" time="67.181" classname="com.yash.RMS.Testcase.Configurations.TestCase_ProjectActivity"/>
  <testcase name="Update_ProjectActivity" time="50.859" classname="com.yash.RMS.Testcase.Configurations.TestCase_ProjectActivity"/>
</testsuite> <!-- com.yash.RMS.Testcase.Configurations.TestCase_ProjectActivity -->
