<?xml version="1.0" encoding="UTF-8"?>
<!-- Generated by org.testng.reporters.JUnitReportReporter -->
<testsuite hostname="YP1004117DT" name="com.yash.bartersuite.Testcase.PurchaseOrder.TestCase_PurchaseOrder" tests="1" failures="0" timestamp="30 Sep 2016 07:25:10 GMT" time="142.193" errors="0">
  <testcase name="CreatePO_with_SP_and_SO" time="142.193" classname="com.yash.bartersuite.Testcase.PurchaseOrder.TestCase_PurchaseOrder"/>
</testsuite> <!-- com.yash.bartersuite.Testcase.PurchaseOrder.TestCase_PurchaseOrder -->
