<?xml version="1.0" encoding="UTF-8"?>
<!-- Generated by org.testng.reporters.JUnitReportReporter -->
<testsuite skipped="0" hostname="YP1003977DT" name="com.yash.RMS.Testcase.ResourceAttribute.Testcase_Skill" tests="5" failures="0" timestamp="10 Jul 2017 12:47:58 GMT" time="273.126" errors="0">
  <testcase name="AddNew_SkillType" time="51.660" classname="com.yash.RMS.Testcase.ResourceAttribute.Testcase_Skill"/>
  <testcase name="Search_NewSkillType" time="16.712" classname="com.yash.RMS.Testcase.ResourceAttribute.Testcase_Skill"/>
  <testcase name="Delete_SkillTypeName" time="38.769" classname="com.yash.RMS.Testcase.ResourceAttribute.Testcase_Skill"/>
  <testcase name="Skill_PageValidation" time="119.874" classname="com.yash.RMS.Testcase.ResourceAttribute.Testcase_Skill"/>
  <testcase name="Update_SkillTypeName" time="46.111" classname="com.yash.RMS.Testcase.ResourceAttribute.Testcase_Skill"/>
</testsuite> <!-- com.yash.RMS.Testcase.ResourceAttribute.Testcase_Skill -->
