<?xml version="1.0" encoding="UTF-8"?>
<!-- Generated by org.testng.reporters.JUnitReportReporter -->
<testsuite hostname="YP1004621DT" name="com.yash.bartersuite.SendMail.SentMail" tests="1" failures="0" timestamp="12 Jan 2016 13:02:19 GMT" time="0.967" errors="0">
  <testcase name="SendingMail" time="0.967" classname="com.yash.bartersuite.SendMail.SentMail"/>
</testsuite> <!-- com.yash.bartersuite.SendMail.SentMail -->
