<?xml version="1.0" encoding="UTF-8"?>
<!-- Generated by org.testng.reporters.JUnitReportReporter -->
<testsuite skipped="0" hostname="YP1005249DT" name="com.yash.RMS.Testcase.Dashboard.Testcase_Help" tests="1" failures="0" timestamp="01 Aug 2017 06:23:50 GMT" time="55.867" errors="0">
  <testcase name="Help_Navigation" time="55.867" classname="com.yash.RMS.Testcase.Dashboard.Testcase_Help"/>
</testsuite> <!-- com.yash.RMS.Testcase.Dashboard.Testcase_Help -->
