<?xml version="1.0" encoding="UTF-8"?>
<!-- Generated by org.testng.reporters.JUnitReportReporter -->
<testsuite hostname="YP1004621DT" name="com.yash.bartersuite.SendMail.NewMailSender" tests="1" failures="0" timestamp="26 Feb 2016 13:38:10 GMT" time="1.663" errors="0">
  <testcase name="EmailEnabledchoice" time="1.663" classname="com.yash.bartersuite.SendMail.NewMailSender"/>
</testsuite> <!-- com.yash.bartersuite.SendMail.NewMailSender -->
