<?xml version="1.0" encoding="UTF-8"?>
<!-- Generated by org.testng.reporters.JUnitReportReporter -->
<testsuite hostname="YP1004621DT" name="com.yash.bartersuite.testcases_SalesPlan.Testcase02_AddMultipleProducts" tests="1" failures="0" timestamp="21 Dec 2015 11:52:12 GMT" time="47.516" errors="0">
  <testcase name="NewsalesPlan" time="47.516" classname="com.yash.bartersuite.testcases_SalesPlan.Testcase02_AddMultipleProducts"/>
</testsuite> <!-- com.yash.bartersuite.testcases_SalesPlan.Testcase02_AddMultipleProducts -->
