<?xml version="1.0" encoding="UTF-8"?>
<!-- Generated by org.testng.reporters.JUnitReportReporter -->
<testsuite skipped="0" hostname="YP1003977DT" name="com.yash.RMS.Testcase.ProjectAttribute.TestCase_ProjectCategory" tests="5" failures="0" timestamp="27 Apr 2017 12:58:23 GMT" time="136.669" errors="0">
  <testcase name="ProjectCategory_PageValidation" time="44.132" classname="com.yash.RMS.Testcase.ProjectAttribute.TestCase_ProjectCategory"/>
  <testcase name="ProjectCategoryAdd" time="32.871" classname="com.yash.RMS.Testcase.ProjectAttribute.TestCase_ProjectCategory"/>
  <testcase name="ProjectCategoryDelete" time="34.355" classname="com.yash.RMS.Testcase.ProjectAttribute.TestCase_ProjectCategory"/>
  <testcase name="ProjectCategorySearch" time="2.834" classname="com.yash.RMS.Testcase.ProjectAttribute.TestCase_ProjectCategory"/>
  <testcase name="ProjectCategoryEdit" time="22.477" classname="com.yash.RMS.Testcase.ProjectAttribute.TestCase_ProjectCategory"/>
</testsuite> <!-- com.yash.RMS.Testcase.ProjectAttribute.TestCase_ProjectCategory -->
