<?xml version="1.0" encoding="UTF-8"?>
<!-- Generated by org.testng.reporters.JUnitReportReporter -->
<testsuite hostname="YP1003653DT" name="com.yash.RMS.Testcase.SEPG_SEPGPhases.TestCase_SepgPhases_PageValidation_02" tests="1" failures="0" timestamp="7 Dec 2016 11:01:06 GMT" time="48.072" errors="0">
  <testcase name="testRmsEndToEnd01" time="48.072" classname="com.yash.RMS.Testcase.SEPG_SEPGPhases.TestCase_SepgPhases_PageValidation_02"/>
</testsuite> <!-- com.yash.RMS.Testcase.SEPG_SEPGPhases.TestCase_SepgPhases_PageValidation_02 -->
