<?xml version="1.0" encoding="UTF-8"?>
<!-- Generated by org.testng.reporters.JUnitReportReporter -->
<testsuite hostname="YP1004621DT" name="com.yash.bartersuite.testcases_SalesPlan.Testcase01_AddSingleProduct" tests="1" failures="0" timestamp="23 Dec 2015 08:56:36 GMT" time="26.733" errors="0">
  <testcase name="NewsalesPlan" time="26.733" classname="com.yash.bartersuite.testcases_SalesPlan.Testcase01_AddSingleProduct"/>
</testsuite> <!-- com.yash.bartersuite.testcases_SalesPlan.Testcase01_AddSingleProduct -->
