<?xml version="1.0" encoding="UTF-8"?>
<!-- Generated by org.testng.reporters.JUnitReportReporter -->
<testsuite hostname="YP1001035DT" name="com.yash.bartersuite.Testcase.SalesPlan.Testcase_SP" tests="1" failures="0" timestamp="21 Oct 2016 06:34:09 GMT" time="33.885" errors="0">
  <testcase name="SP_Creation" time="33.885" classname="com.yash.bartersuite.Testcase.SalesPlan.Testcase_SP"/>
</testsuite> <!-- com.yash.bartersuite.Testcase.SalesPlan.Testcase_SP -->
