<?xml version="1.0" encoding="UTF-8"?>
<!-- Generated by org.testng.reporters.JUnitReportReporter -->
<testsuite skipped="0" hostname="YP1003977DT" name="com.yash.RMS.Testcase.ResourceAttribute.TestCase_Designation" tests="5" failures="0" timestamp="10 Jul 2017 12:47:58 GMT" time="75.107" errors="0">
  <testcase name="designationDelete" time="6.805" classname="com.yash.RMS.Testcase.ResourceAttribute.TestCase_Designation"/>
  <testcase name="designationPageValidation" time="38.766" classname="com.yash.RMS.Testcase.ResourceAttribute.TestCase_Designation"/>
  <testcase name="DesignationNameSearch" time="3.149" classname="com.yash.RMS.Testcase.ResourceAttribute.TestCase_Designation"/>
  <testcase name="designationEdit" time="5.568" classname="com.yash.RMS.Testcase.ResourceAttribute.TestCase_Designation"/>
  <testcase name="designationAdd" time="20.819" classname="com.yash.RMS.Testcase.ResourceAttribute.TestCase_Designation"/>
</testsuite> <!-- com.yash.RMS.Testcase.ResourceAttribute.TestCase_Designation -->
