<?xml version="1.0" encoding="UTF-8"?>
<!-- Generated by org.testng.reporters.JUnitReportReporter -->
<testsuite skipped="0" hostname="YP1003977DT" name="com.yash.RMS.Testcase.ResourceRequisition.Testcase_ResourceRequisition" tests="1" failures="0" timestamp="5 Jun 2017 08:29:44 GMT" time="81.397" errors="0">
  <testcase name="Resource_Requisition" time="81.397" classname="com.yash.RMS.Testcase.ResourceRequisition.Testcase_ResourceRequisition"/>
</testsuite> <!-- com.yash.RMS.Testcase.ResourceRequisition.Testcase_ResourceRequisition -->
