<?xml version="1.0" encoding="UTF-8"?>
<!-- Generated by org.testng.reporters.JUnitReportReporter -->
<testsuite skipped="0" hostname="YP1003977DT" name="com.yash.RMS.Testcase.ResourceAttribute.Testcase_Ownership" tests="5" failures="0" timestamp="10 Jul 2017 12:47:58 GMT" time="84.463" errors="0">
  <testcase name="Edit_Ownership" time="13.734" classname="com.yash.RMS.Testcase.ResourceAttribute.Testcase_Ownership"/>
  <testcase name="New_Ownership" time="5.844" classname="com.yash.RMS.Testcase.ResourceAttribute.Testcase_Ownership"/>
  <testcase name="Ownership_Page" time="27.822" classname="com.yash.RMS.Testcase.ResourceAttribute.Testcase_Ownership"/>
  <testcase name="Search_Project" time="14.323" classname="com.yash.RMS.Testcase.ResourceAttribute.Testcase_Ownership"/>
  <testcase name="Delete_Ownership" time="22.740" classname="com.yash.RMS.Testcase.ResourceAttribute.Testcase_Ownership"/>
</testsuite> <!-- com.yash.RMS.Testcase.ResourceAttribute.Testcase_Ownership -->
