<?xml version="1.0" encoding="UTF-8"?>
<!-- Generated by org.testng.reporters.JUnitReportReporter -->
<testsuite skipped="0" hostname="YP1003977DT" name="com.yash.RMS.Testcase.ProjectAttribute.Testcase_EngagementModel" tests="4" failures="0" timestamp="27 Apr 2017 12:58:23 GMT" time="149.889" errors="0">
  <testcase name="EngagementModelPageNavigation" time="50.407" classname="com.yash.RMS.Testcase.ProjectAttribute.Testcase_EngagementModel"/>
  <testcase name="Edit_EngagementModel" time="41.054" classname="com.yash.RMS.Testcase.ProjectAttribute.Testcase_EngagementModel"/>
  <testcase name="AddNew_EngagementModel" time="17.139" classname="com.yash.RMS.Testcase.ProjectAttribute.Testcase_EngagementModel"/>
  <testcase name="Delete_EngagementModel" time="41.289" classname="com.yash.RMS.Testcase.ProjectAttribute.Testcase_EngagementModel"/>
</testsuite> <!-- com.yash.RMS.Testcase.ProjectAttribute.Testcase_EngagementModel -->
