<?xml version="1.0" encoding="UTF-8"?>
<!-- Generated by org.testng.reporters.JUnitReportReporter -->
<testsuite skipped="0" hostname="YP1003977DT" name="com.yash.RMS.Testcase.MiscAttribute.Testcase_ParentProjectTeam" tests="5" failures="0" timestamp="26 Jun 2017 10:17:17 GMT" time="75.014" errors="0">
  <testcase name="New_Project" time="32.019" classname="com.yash.RMS.Testcase.MiscAttribute.Testcase_ParentProjectTeam"/>
  <testcase name="Search_Project" time="2.826" classname="com.yash.RMS.Testcase.MiscAttribute.Testcase_ParentProjectTeam"/>
  <testcase name="ParentProjectTeam_Page" time="30.246" classname="com.yash.RMS.Testcase.MiscAttribute.Testcase_ParentProjectTeam"/>
  <testcase name="Edit_Project" time="4.971" classname="com.yash.RMS.Testcase.MiscAttribute.Testcase_ParentProjectTeam"/>
  <testcase name="Delete_Project" time="4.952" classname="com.yash.RMS.Testcase.MiscAttribute.Testcase_ParentProjectTeam"/>
</testsuite> <!-- com.yash.RMS.Testcase.MiscAttribute.Testcase_ParentProjectTeam -->
