<?xml version="1.0" encoding="UTF-8"?>
<!-- Generated by org.testng.reporters.JUnitReportReporter -->
<testsuite hostname="YP1003570DT" name="com.yash.bartersuite.Testcase.LockPrice.TestCase_LockPrice" tests="1" failures="0" timestamp="4 Aug 2016 11:00:50 GMT" time="104.626" errors="0">
  <testcase name="VerifyLockPrice_ToBePriced" time="104.626" classname="com.yash.bartersuite.Testcase.LockPrice.TestCase_LockPrice"/>
</testsuite> <!-- com.yash.bartersuite.Testcase.LockPrice.TestCase_LockPrice -->
