<?xml version="1.0" encoding="UTF-8"?>
<!-- Generated by org.testng.reporters.JUnitReportReporter -->
<testsuite hostname="YP1004621DT" name="com.yash.bartersuite.testcases_Login.Login" tests="1" failures="0" timestamp="23 Dec 2015 09:17:34 GMT" time="26.184" errors="0">
  <testcase name="LoginExcel" time="26.184" classname="com.yash.bartersuite.testcases_Login.Login"/>
</testsuite> <!-- com.yash.bartersuite.testcases_Login.Login -->
