<?xml version="1.0" encoding="UTF-8"?>
<!-- Generated by org.testng.reporters.JUnitReportReporter -->
<testsuite hostname="YP1004621DT" name="com.bartersuite.Testcases.NewSalesPlan" tests="1" failures="0" timestamp="18 Dec 2015 12:04:31 GMT" time="30.313" errors="0">
  <testcase name="NewsalesPlan" time="30.313" classname="com.bartersuite.Testcases.NewSalesPlan"/>
</testsuite> <!-- com.bartersuite.Testcases.NewSalesPlan -->
