<?xml version="1.0" encoding="UTF-8"?>
<!-- Generated by org.testng.reporters.JUnitReportReporter -->
<testsuite skipped="0" hostname="YP1005249DT" name="com.yash.RMS.Testcase.Transaction.Testcase_TimesheetSubmissionH" tests="2" failures="0" timestamp="21 Aug 2017 10:18:48 GMT" time="81.098" errors="0">
  <testcase name="TimesheetSubmission_Page" time="21.252" classname="com.yash.RMS.Testcase.Transaction.Testcase_TimesheetSubmissionH"/>
  <testcase name="TimesheetSubmission_AddingTimeSheet" time="59.846" classname="com.yash.RMS.Testcase.Transaction.Testcase_TimesheetSubmissionH"/>
</testsuite> <!-- com.yash.RMS.Testcase.Transaction.Testcase_TimesheetSubmissionH -->
