<?xml version="1.0" encoding="UTF-8"?>
<!-- Generated by org.testng.reporters.JUnitReportReporter -->
<testsuite skipped="0" hostname="YP1003977DT" name="com.yash.RMS.Testcase.TimesheetAttribute.TestCase_TimesheetAttribute" tests="8" failures="0" timestamp="17 Apr 2017 10:33:02 GMT" time="180.120" errors="0">
  <testcase name="Search_Allocation" time="10.361" classname="com.yash.RMS.Testcase.TimesheetAttribute.TestCase_TimesheetAttribute"/>
  <testcase name="Delete_Allocation" time="26.161" classname="com.yash.RMS.Testcase.TimesheetAttribute.TestCase_TimesheetAttribute"/>
  <testcase name="New_ActivityCreation" time="40.060" classname="com.yash.RMS.Testcase.TimesheetAttribute.TestCase_TimesheetAttribute"/>
  <testcase name="Search_Activity" time="9.644" classname="com.yash.RMS.Testcase.TimesheetAttribute.TestCase_TimesheetAttribute"/>
  <testcase name="New_AllocationTypeCreation" time="23.902" classname="com.yash.RMS.Testcase.TimesheetAttribute.TestCase_TimesheetAttribute"/>
  <testcase name="Delete_Activity" time="21.872" classname="com.yash.RMS.Testcase.TimesheetAttribute.TestCase_TimesheetAttribute"/>
  <testcase name="Edit_Activity" time="29.222" classname="com.yash.RMS.Testcase.TimesheetAttribute.TestCase_TimesheetAttribute"/>
  <testcase name="Edit_Allocation" time="18.898" classname="com.yash.RMS.Testcase.TimesheetAttribute.TestCase_TimesheetAttribute"/>
</testsuite> <!-- com.yash.RMS.Testcase.TimesheetAttribute.TestCase_TimesheetAttribute -->
