<?xml version="1.0" encoding="UTF-8"?>
<!-- Generated by org.testng.reporters.JUnitReportReporter -->
<testsuite hostname="YP1004621DT" name="com.yash.bartersuite.Testcase.Salesorder.Testcase04_AddSalesOrderTrader" tests="2" failures="0" timestamp="26 Feb 2016 10:26:15 GMT" time="26.849" errors="0">
  <testcase name="Add_SalesOrderTraderValidation" time="21.481" classname="com.yash.bartersuite.Testcase.Salesorder.Testcase04_AddSalesOrderTrader"/>
  <testcase name="Add_SalesOrderTraderCancel" time="5.368" classname="com.yash.bartersuite.Testcase.Salesorder.Testcase04_AddSalesOrderTrader"/>
</testsuite> <!-- com.yash.bartersuite.Testcase.Salesorder.Testcase04_AddSalesOrderTrader -->
