<?xml version="1.0" encoding="UTF-8"?>
<!-- Generated by org.testng.reporters.JUnitReportReporter -->
<testsuite hostname="YP1001035DT" name="com.yash.bartersuite.Testcase.ApprovalProcess.TestCase_ApprovalProcess" tests="4" failures="0" timestamp="7 Jul 2016 15:28:44 GMT" time="162.696" errors="0">
  <testcase name="ApproveSPValidFromDate" time="11.355" classname="com.yash.bartersuite.Testcase.ApprovalProcess.TestCase_ApprovalProcess"/>
  <testcase name="ApproveActiveSalesPlan" time="12.392" classname="com.yash.bartersuite.Testcase.ApprovalProcess.TestCase_ApprovalProcess"/>
  <testcase name="RejectSalesPlan" time="69.723" classname="com.yash.bartersuite.Testcase.ApprovalProcess.TestCase_ApprovalProcess"/>
  <testcase name="ApprovalProcess" time="69.226" classname="com.yash.bartersuite.Testcase.ApprovalProcess.TestCase_ApprovalProcess"/>
</testsuite> <!-- com.yash.bartersuite.Testcase.ApprovalProcess.TestCase_ApprovalProcess -->
