<?xml version="1.0" encoding="UTF-8"?>
<!-- Generated by org.testng.reporters.JUnitReportReporter -->
<testsuite skipped="0" hostname="YP1003977DT" name="com.yash.RMS.Testcase.Transaction.Testcase_TimesheetSubmission" tests="3" failures="0" timestamp="25 May 2017 12:17:41 GMT" time="10.975" errors="0">
  <testcase name="TimesheetSubmission_Page" time="1.080" classname="com.yash.RMS.Testcase.Transaction.Testcase_TimesheetSubmission"/>
  <testcase name="add_NewTimesheet" time="6.559" classname="com.yash.RMS.Testcase.Transaction.Testcase_TimesheetSubmission"/>
  <testcase name="View_Timesheet" time="3.336" classname="com.yash.RMS.Testcase.Transaction.Testcase_TimesheetSubmission"/>
</testsuite> <!-- com.yash.RMS.Testcase.Transaction.Testcase_TimesheetSubmission -->
