<?xml version="1.0" encoding="UTF-8"?>
<!-- Generated by org.testng.reporters.JUnitReportReporter -->
<testsuite hostname="YP1004764DT" name="com.yash.bartersuite.Testcase.Salesorder.Testcase_AddNewSalesOrderValidation_Trader" tests="2" failures="0" timestamp="16 Mar 2016 05:04:14 GMT" time="25.039" errors="0">
  <testcase name="Add_SalesOrderTraderCancel" time="11.423" classname="com.yash.bartersuite.Testcase.Salesorder.Testcase_AddNewSalesOrderValidation_Trader"/>
  <testcase name="Add_SalesOrderTraderValidation" time="13.616" classname="com.yash.bartersuite.Testcase.Salesorder.Testcase_AddNewSalesOrderValidation_Trader"/>
</testsuite> <!-- com.yash.bartersuite.Testcase.Salesorder.Testcase_AddNewSalesOrderValidation_Trader -->
