<?xml version="1.0" encoding="UTF-8"?>
<!-- Generated by org.testng.reporters.JUnitReportReporter -->
<testsuite hostname="YP1001035DT" name="com.yash.bartersuite.Testcase.Login.TestCase_Login" tests="1" failures="0" timestamp="21 Oct 2016 06:34:09 GMT" time="14.783" errors="0">
  <testcase name="Login" time="14.783" classname="com.yash.bartersuite.Testcase.Login.TestCase_Login"/>
</testsuite> <!-- com.yash.bartersuite.Testcase.Login.TestCase_Login -->
