<?xml version="1.0" encoding="UTF-8"?>
<!-- Generated by org.testng.reporters.JUnitReportReporter -->
<testsuite hostname="YP1003653DT" name="com.yash.RMS.Testcase.ResourceAttribute.Testcase_Skill_PageValidation" tests="2" failures="0" timestamp="19 Dec 2016 07:32:50 GMT" time="109.900" errors="0">
  <testcase name="login" time="1.072" classname="com.yash.RMS.Testcase.ResourceAttribute.Testcase_Skill_PageValidation"/>
  <testcase name="Skill_PageValidation" time="108.828" classname="com.yash.RMS.Testcase.ResourceAttribute.Testcase_Skill_PageValidation"/>
</testsuite> <!-- com.yash.RMS.Testcase.ResourceAttribute.Testcase_Skill_PageValidation -->
