<?xml version="1.0" encoding="UTF-8"?>
<!-- Generated by org.testng.reporters.JUnitReportReporter -->
<testsuite hostname="YP1004764DT" name="com.yash.bartersuite.Testcase.Login.TestCase_Login_UI_Fields_validation" tests="3" failures="0" timestamp="7 Mar 2016 05:32:39 GMT" time="24.344" errors="0">
  <testcase name="LoginPasswordValidation" time="7.413" classname="com.yash.bartersuite.Testcase.Login.TestCase_Login_UI_Fields_validation"/>
  <testcase name="LoginUsernameValidation" time="9.355" classname="com.yash.bartersuite.Testcase.Login.TestCase_Login_UI_Fields_validation"/>
  <testcase name="LoginLanguageValidation" time="7.576" classname="com.yash.bartersuite.Testcase.Login.TestCase_Login_UI_Fields_validation"/>
</testsuite> <!-- com.yash.bartersuite.Testcase.Login.TestCase_Login_UI_Fields_validation -->
