<?xml version="1.0" encoding="UTF-8"?>
<!-- Generated by org.testng.reporters.JUnitReportReporter -->
<testsuite skipped="0" hostname="YP1003977DT" name="com.yash.RMS.Testcase.ProjectAttribute.TestCase_ProjectMethodology" tests="5" failures="0" timestamp="27 Apr 2017 12:58:23 GMT" time="133.449" errors="0">
  <testcase name="ProjectMethodologyAdd" time="34.369" classname="com.yash.RMS.Testcase.ProjectAttribute.TestCase_ProjectMethodology"/>
  <testcase name="ProjectMethodologyDelete" time="38.802" classname="com.yash.RMS.Testcase.ProjectAttribute.TestCase_ProjectMethodology"/>
  <testcase name="ProjectMethodology_PageValidation" time="35.473" classname="com.yash.RMS.Testcase.ProjectAttribute.TestCase_ProjectMethodology"/>
  <testcase name="ProjectMethodologySearch" time="3.634" classname="com.yash.RMS.Testcase.ProjectAttribute.TestCase_ProjectMethodology"/>
  <testcase name="ProjectMethodologyEdit" time="21.171" classname="com.yash.RMS.Testcase.ProjectAttribute.TestCase_ProjectMethodology"/>
</testsuite> <!-- com.yash.RMS.Testcase.ProjectAttribute.TestCase_ProjectMethodology -->
