<?xml version="1.0" encoding="UTF-8"?>
<!-- Generated by org.testng.reporters.JUnitReportReporter -->
<testsuite skipped="0" hostname="YP1003977DT" name="com.yash.RMS.Testcase.ResourceAttribute.TestCase_LocationAddDel" tests="5" failures="0" timestamp="10 Jul 2017 12:47:58 GMT" time="104.416" errors="0">
  <testcase name="locationDelete" time="25.036" classname="com.yash.RMS.Testcase.ResourceAttribute.TestCase_LocationAddDel"/>
  <testcase name="locationEdit" time="20.549" classname="com.yash.RMS.Testcase.ResourceAttribute.TestCase_LocationAddDel"/>
  <testcase name="LocationNameSearch" time="2.628" classname="com.yash.RMS.Testcase.ResourceAttribute.TestCase_LocationAddDel"/>
  <testcase name="locationAdd" time="20.722" classname="com.yash.RMS.Testcase.ResourceAttribute.TestCase_LocationAddDel"/>
  <testcase name="locationPageValidation" time="35.481" classname="com.yash.RMS.Testcase.ResourceAttribute.TestCase_LocationAddDel"/>
</testsuite> <!-- com.yash.RMS.Testcase.ResourceAttribute.TestCase_LocationAddDel -->
