<?xml version="1.0" encoding="UTF-8"?>
<!-- Generated by org.testng.reporters.JUnitReportReporter -->
<testsuite hostname="YP1003570DT" name="com.yash.bartersuite.Testcase.RouteSettings.TestCase_CreateRoute" tests="1" failures="0" timestamp="4 Aug 2016 10:36:32 GMT" time="25.667" errors="0">
  <testcase name="CreateRouteSettings" time="25.667" classname="com.yash.bartersuite.Testcase.RouteSettings.TestCase_CreateRoute"/>
</testsuite> <!-- com.yash.bartersuite.Testcase.RouteSettings.TestCase_CreateRoute -->
