<?xml version="1.0" encoding="UTF-8"?>
<!-- Generated by org.testng.reporters.JUnitReportReporter -->
<testsuite skipped="0" hostname="YP1005249DT" name="com.yash.RMS.Testcase.Transaction.Testcase_TimesheetApproval2" tests="3" failures="0" timestamp="28 Jul 2017 06:52:02 GMT" time="13.540" errors="0">
  <testcase name="searchUserAndApproveTimesheet" time="1.044" classname="com.yash.RMS.Testcase.Transaction.Testcase_TimesheetApproval2"/>
  <testcase name="searchUserAndRejectTimesheet" time="1.001" classname="com.yash.RMS.Testcase.Transaction.Testcase_TimesheetApproval2"/>
  <testcase name="validateApprovedAndRejectedTimeSheet" time="11.495" classname="com.yash.RMS.Testcase.Transaction.Testcase_TimesheetApproval2"/>
</testsuite> <!-- com.yash.RMS.Testcase.Transaction.Testcase_TimesheetApproval2 -->
