<?xml version="1.0" encoding="UTF-8"?>
<!-- Generated by org.testng.reporters.JUnitReportReporter -->
<testsuite skipped="0" hostname="YP1003977DT" name="com.yash.RMS.Testcase.MiscAttribute.Testcase_BGBU" tests="9" failures="0" timestamp="26 Jun 2017 10:55:49 GMT" time="174.565" errors="0">
  <testcase name="BGBU_Page" time="43.933" classname="com.yash.RMS.Testcase.MiscAttribute.Testcase_BGBU"/>
  <testcase name="NewBGBU" time="31.770" classname="com.yash.RMS.Testcase.MiscAttribute.Testcase_BGBU"/>
  <testcase name="Activate_BGBU" time="9.136" classname="com.yash.RMS.Testcase.MiscAttribute.Testcase_BGBU"/>
  <testcase name="MoveBGBU_Org" time="24.818" classname="com.yash.RMS.Testcase.MiscAttribute.Testcase_BGBU"/>
  <testcase name="Deactivate_BGBU" time="4.606" classname="com.yash.RMS.Testcase.MiscAttribute.Testcase_BGBU"/>
  <testcase name="Edit_BGBU" time="15.965" classname="com.yash.RMS.Testcase.MiscAttribute.Testcase_BGBU"/>
  <testcase name="AddBGBU_Org" time="16.020" classname="com.yash.RMS.Testcase.MiscAttribute.Testcase_BGBU"/>
  <testcase name="Search_BGBU" time="3.563" classname="com.yash.RMS.Testcase.MiscAttribute.Testcase_BGBU"/>
  <testcase name="checkMoveBGBU_Org" time="24.754" classname="com.yash.RMS.Testcase.MiscAttribute.Testcase_BGBU"/>
</testsuite> <!-- com.yash.RMS.Testcase.MiscAttribute.Testcase_BGBU -->
