<?xml version="1.0" encoding="UTF-8"?>
<!-- Generated by org.testng.reporters.JUnitReportReporter -->
<testsuite hostname="YP1004621DT" name="com.yash.bartersuite.ExporttoExcel.ReadHTMLReportData" tests="1" failures="0" timestamp="25 Feb 2016 09:48:17 GMT" time="1025.599" errors="0">
  <testcase name="readHTMLReport" time="1025.599" classname="com.yash.bartersuite.ExporttoExcel.ReadHTMLReportData"/>
</testsuite> <!-- com.yash.bartersuite.ExporttoExcel.ReadHTMLReportData -->
