<?xml version="1.0" encoding="UTF-8"?>
<!-- Generated by org.testng.reporters.JUnitReportReporter -->
<testsuite hostname="YP1004621DT" name="com.yash.bartersuite.testcases_Login.Login_TC" tests="1" failures="0" timestamp="23 Dec 2015 09:51:49 GMT" time="23.591" errors="0">
  <testcase name="LoginExcel" time="23.591" classname="com.yash.bartersuite.testcases_Login.Login_TC"/>
</testsuite> <!-- com.yash.bartersuite.testcases_Login.Login_TC -->
