<?xml version="1.0" encoding="UTF-8"?>
<!-- Generated by org.testng.reporters.JUnitReportReporter -->
<testsuite skipped="0" hostname="YP1005249DT" name="com.yash.RMS.Testcase.Dashboard.ProfileEdit" tests="2" failures="0" timestamp="24 Aug 2017 10:24:51 GMT" time="18.512" errors="0">
  <testcase name="Editing_Profile_Searching" time="16.241" classname="com.yash.RMS.Testcase.Dashboard.ProfileEdit"/>
  <testcase name="Editing_Profile_Updating" time="2.271" classname="com.yash.RMS.Testcase.Dashboard.ProfileEdit"/>
</testsuite> <!-- com.yash.RMS.Testcase.Dashboard.ProfileEdit -->
