<?xml version="1.0" encoding="UTF-8"?>
<!-- Generated by org.testng.reporters.JUnitReportReporter -->
<testsuite skipped="0" hostname="YP1003977DT" name="com.yash.RMS.Testcase.ResourceAttribute.Testcase_Competency" tests="5" failures="0" timestamp="10 Jul 2017 12:47:58 GMT" time="94.702" errors="0">
  <testcase name="Competency_Page" time="36.048" classname="com.yash.RMS.Testcase.ResourceAttribute.Testcase_Competency"/>
  <testcase name="Edit_Competency" time="15.407" classname="com.yash.RMS.Testcase.ResourceAttribute.Testcase_Competency"/>
  <testcase name="Search_Competency" time="11.949" classname="com.yash.RMS.Testcase.ResourceAttribute.Testcase_Competency"/>
  <testcase name="New_Competency" time="7.996" classname="com.yash.RMS.Testcase.ResourceAttribute.Testcase_Competency"/>
  <testcase name="Delete_Competency" time="23.302" classname="com.yash.RMS.Testcase.ResourceAttribute.Testcase_Competency"/>
</testsuite> <!-- com.yash.RMS.Testcase.ResourceAttribute.Testcase_Competency -->
