<?xml version="1.0" encoding="UTF-8"?>
<!-- Generated by org.testng.reporters.JUnitReportReporter -->
<testsuite hostname="YP1001035DT" name="com.yash.bartersuite.Testcase.AssignTSO.TestCase_AssignTSO" tests="1" failures="0" timestamp="21 Oct 2016 06:34:09 GMT" time="10.641" errors="0">
  <testcase name="Create_AssignTSO" time="10.641" classname="com.yash.bartersuite.Testcase.AssignTSO.TestCase_AssignTSO"/>
</testsuite> <!-- com.yash.bartersuite.Testcase.AssignTSO.TestCase_AssignTSO -->
