<?xml version="1.0" encoding="UTF-8"?>
<!-- Generated by org.testng.reporters.JUnitReportReporter -->
<testsuite hostname="YP1004759DT" name="com.yash.bartersuite.Testcase.SalesplanSearch.Testcase01_Searchwithallcriteria" tests="1" failures="0" timestamp="18 Jan 2016 05:29:35 GMT" time="21.362" errors="0">
  <testcase name="Searchwithallfields" time="21.362" classname="com.yash.bartersuite.Testcase.SalesplanSearch.Testcase01_Searchwithallcriteria"/>
</testsuite> <!-- com.yash.bartersuite.Testcase.SalesplanSearch.Testcase01_Searchwithallcriteria -->
