<?xml version="1.0" encoding="UTF-8"?>
<!-- Generated by org.testng.reporters.JUnitReportReporter -->
<testsuite skipped="0" hostname="YP1005249DT" name="com.yash.RMS.Testcase.Dashboard.Testcase_ReleaseNotes" tests="1" failures="0" timestamp="01 Aug 2017 06:23:50 GMT" time="41.807" errors="0">
  <testcase name="ReleaseNote_Navigation" time="41.807" classname="com.yash.RMS.Testcase.Dashboard.Testcase_ReleaseNotes"/>
</testsuite> <!-- com.yash.RMS.Testcase.Dashboard.Testcase_ReleaseNotes -->
